DEPRECATED: The legacy builder is deprecated and will be removed in a future release.
            Install the buildx component to build images with BuildKit:
            https://docs.docker.com/go/buildx/

Sending build context to Docker daemon  13.85MB
Step 1/7 : FROM python:3.8-slim
 ---> aa3d4ef002c9
Step 2/7 : WORKDIR /app
 ---> Using cache
 ---> 02d19f029503
Step 3/7 : COPY . /app
 ---> 09e77864b7cb
Step 4/7 : RUN pip install --no-cache-dir -r requirements.txt
 ---> Running in 875ecce98e97
Collecting Flask
  Downloading flask-3.0.3-py3-none-any.whl (101 kB)
     â”â”â”â”â”â”â”â”â”â”â”â”â”â”â”â”â”â”â”â”â”â”â”â”â”â”â”â”â”â”â”â”â”â”â”â”â” 101.7/101.7 kB 386.1 kB/s eta 0:00:00
Collecting Flask-SQLAlchemy
  Downloading flask_sqlalchemy-3.1.1-py3-none-any.whl (25 kB)
Collecting Flask-Login
  Downloading Flask_Login-0.6.3-py3-none-any.whl (17 kB)
Collecting python-dotenv
  Downloading python_dotenv-1.0.1-py3-none-any.whl (19 kB)
Collecting blinker>=1.6.2
  Downloading blinker-1.8.2-py3-none-any.whl (9.5 kB)
Collecting importlib-metadata>=3.6.0
  Downloading importlib_metadata-8.0.0-py3-none-any.whl (24 kB)
Collecting click>=8.1.3
  Downloading click-8.1.7-py3-none-any.whl (97 kB)
     â”â”â”â”â”â”â”â”â”â”â”â”â”â”â”â”â”â”â”â”â”â”â”â”â”â”â”â”â”â”â”â”â”â”â”â”â”â”â”â” 97.9/97.9 kB 2.2 MB/s eta 0:00:00
Collecting itsdangerous>=2.1.2
  Downloading itsdangerous-2.2.0-py3-none-any.whl (16 kB)
Collecting Jinja2>=3.1.2
  Downloading jinja2-3.1.4-py3-none-any.whl (133 kB)
     â”â”â”â”â”â”â”â”â”â”â”â”â”â”â”â”â”â”â”â”â”â”â”â”â”â”â”â”â”â”â”â”â”â”â”â”â”â”â” 133.3/133.3 kB 1.4 MB/s eta 0:00:00
Collecting Werkzeug>=3.0.0
  Downloading werkzeug-3.0.3-py3-none-any.whl (227 kB)
     â”â”â”â”â”â”â”â”â”â”â”â”â”â”â”â”â”â”â”â”â”â”â”â”â”â”â”â”â”â”â”â”â”â”â”â”â”â”â” 227.3/227.3 kB 1.2 MB/s eta 0:00:00
Collecting sqlalchemy>=2.0.16
  Downloading SQLAlchemy-2.0.31-cp38-cp38-manylinux_2_17_x86_64.manylinux2014_x86_64.whl (3.1 MB)
     â”â”â”â”â”â”â”â”â”â”â”â”â”â”â”â”â”â”â”â”â”â”â”â”â”â”â”â”â”â”â”â”â”â”â”â”â”â”â”â” 3.1/3.1 MB 1.3 MB/s eta 0:00:00
Collecting zipp>=0.5
  Downloading zipp-3.19.2-py3-none-any.whl (9.0 kB)
Collecting MarkupSafe>=2.0
  Downloading MarkupSafe-2.1.5-cp38-cp38-manylinux_2_17_x86_64.manylinux2014_x86_64.whl (26 kB)
Collecting typing-extensions>=4.6.0
  Downloading typing_extensions-4.12.2-py3-none-any.whl (37 kB)
Collecting greenlet!=0.4.17
  Downloading greenlet-3.0.3-cp38-cp38-manylinux_2_24_x86_64.manylinux_2_28_x86_64.whl (622 kB)
     â”â”â”â”â”â”â”â”â”â”â”â”â”â”â”â”â”â”â”â”â”â”â”â”â”â”â”â”â”â”â”â”â”â”â”â”â”â”â” 622.3/622.3 kB 1.5 MB/s eta 0:00:00
Installing collected packages: zipp, typing-extensions, python-dotenv, MarkupSafe, itsdangerous, greenlet, click, blinker, Werkzeug, sqlalchemy, Jinja2, importlib-metadata, Flask, Flask-SQLAlchemy, Flask-Login
Successfully installed Flask-3.0.3 Flask-Login-0.6.3 Flask-SQLAlchemy-3.1.1 Jinja2-3.1.4 MarkupSafe-2.1.5 Werkzeug-3.0.3 blinker-1.8.2 click-8.1.7 greenlet-3.0.3 importlib-metadata-8.0.0 itsdangerous-2.2.0 python-dotenv-1.0.1 sqlalchemy-2.0.31 typing-extensions-4.12.2 zipp-3.19.2
[91mWARNING: Running pip as the 'root' user can result in broken permissions and conflicting behaviour with the system package manager. It is recommended to use a virtual environment instead: https://pip.pypa.io/warnings/venv
[0m[91m
[notice] A new release of pip is available: 23.0.1 -> 24.1.2
[notice] To update, run: pip install --upgrade pip
[0mRemoving intermediate container 875ecce98e97
 ---> 160e98d4ee63
Step 5/7 : EXPOSE 5000
 ---> Running in 776b37080a19
Removing intermediate container 776b37080a19
 ---> fedd5f659611
Step 6/7 : ENV FLASK_APP=main.py
 ---> Running in 42b9c63cbee3
Removing intermediate container 42b9c63cbee3
 ---> c0b247fccf77
Step 7/7 : CMD ["flask", "run", "--host=0.0.0.0"]
 ---> Running in e151b8a09a5a
Removing intermediate container e151b8a09a5a
 ---> 246662c9b450
Successfully built 246662c9b450
Successfully tagged pr-undefined-16:latest
